2020-10-28 13:41:21 DEBUG DefaultListableBeanFactory:225 - Creating shared instance of singleton bean 'org.springframework.context.event.internalEventListenerProcessor'
2020-10-28 13:41:21 DEBUG DefaultListableBeanFactory:225 - Creating shared instance of singleton bean 'org.springframework.context.event.internalEventListenerFactory'
2020-10-28 13:41:21 DEBUG DefaultListableBeanFactory:225 - Creating shared instance of singleton bean 'org.springframework.context.annotation.internalAutowiredAnnotationProcessor'
2020-10-28 13:41:21 DEBUG DefaultListableBeanFactory:225 - Creating shared instance of singleton bean 'org.springframework.context.annotation.internalCommonAnnotationProcessor'
2020-10-28 13:41:21 DEBUG DefaultListableBeanFactory:225 - Creating shared instance of singleton bean 'javaConfiguration'
2020-10-28 13:41:21 DEBUG DefaultListableBeanFactory:225 - Creating shared instance of singleton bean 'canvas'
2020-10-28 13:41:21 DEBUG DefaultListableBeanFactory:225 - Creating shared instance of singleton bean 'rectangle'
2020-10-28 23:42:00 DEBUG AnnotationConfigApplicationContext:596 - Refreshing org.springframework.context.annotation.AnnotationConfigApplicationContext@2473b9ce
2020-10-28 23:42:00 DEBUG AnnotationConfigApplicationContext:596 - Refreshing org.springframework.context.annotation.AnnotationConfigApplicationContext@2473b9ce
2020-10-28 23:42:00 DEBUG DefaultListableBeanFactory:225 - Creating shared instance of singleton bean 'org.springframework.context.annotation.internalConfigurationAnnotationProcessor'
2020-10-28 23:42:00 DEBUG DefaultListableBeanFactory:225 - Creating shared instance of singleton bean 'org.springframework.context.annotation.internalConfigurationAnnotationProcessor'
2020-10-28 23:42:00 WARN  AnnotationConfigApplicationContext:559 - Exception encountered during context initialization - cancelling refresh attempt: org.springframework.beans.factory.BeanDefinitionStoreException: Failed to parse configuration class [org.cap.apps.JavaConfiguration]; nested exception is java.io.FileNotFoundException: class path resource [shape.properties] cannot be opened because it does not exist
2020-10-28 23:42:00 WARN  AnnotationConfigApplicationContext:559 - Exception encountered during context initialization - cancelling refresh attempt: org.springframework.beans.factory.BeanDefinitionStoreException: Failed to parse configuration class [org.cap.apps.JavaConfiguration]; nested exception is java.io.FileNotFoundException: class path resource [shape.properties] cannot be opened because it does not exist
2020-10-28 23:44:44 DEBUG AnnotationConfigApplicationContext:596 - Refreshing org.springframework.context.annotation.AnnotationConfigApplicationContext@2473b9ce
2020-10-28 23:44:45 DEBUG DefaultListableBeanFactory:225 - Creating shared instance of singleton bean 'org.springframework.context.annotation.internalConfigurationAnnotationProcessor'
2020-10-28 23:44:45 DEBUG ClassPathBeanDefinitionScanner:435 - Identified candidate component class: file [D:\maven workspace\drawapp\target\classes\org\cap\apps\Canvas.class]
2020-10-28 23:44:45 DEBUG ClassPathBeanDefinitionScanner:435 - Identified candidate component class: file [D:\maven workspace\drawapp\target\classes\org\cap\apps\Rectangle.class]
2020-10-28 23:44:45 DEBUG DefaultListableBeanFactory:225 - Creating shared instance of singleton bean 'org.springframework.context.event.internalEventListenerProcessor'
2020-10-28 23:44:45 DEBUG DefaultListableBeanFactory:225 - Creating shared instance of singleton bean 'org.springframework.context.event.internalEventListenerFactory'
2020-10-28 23:44:45 DEBUG DefaultListableBeanFactory:225 - Creating shared instance of singleton bean 'org.springframework.context.annotation.internalAutowiredAnnotationProcessor'
2020-10-28 23:44:45 DEBUG DefaultListableBeanFactory:225 - Creating shared instance of singleton bean 'org.springframework.context.annotation.internalCommonAnnotationProcessor'
2020-10-28 23:44:45 DEBUG DefaultListableBeanFactory:225 - Creating shared instance of singleton bean 'javaConfiguration'
2020-10-28 23:44:45 DEBUG DefaultListableBeanFactory:225 - Creating shared instance of singleton bean 'canvas'
2020-10-28 23:44:45 DEBUG DefaultListableBeanFactory:225 - Creating shared instance of singleton bean 'rectangle'
2020-10-28 23:44:45 DEBUG PropertySourcesPropertyResolver:115 - Found key 'rectangle.length' in PropertySource 'class path resource [shape.properties]' with value of type String
2020-10-28 23:44:45 DEBUG PropertySourcesPropertyResolver:115 - Found key 'rectangle.breadth' in PropertySource 'class path resource [shape.properties]' with value of type String
2020-10-28 23:44:46 DEBUG AnnotationConfigApplicationContext:1006 - Closing org.springframework.context.annotation.AnnotationConfigApplicationContext@2473b9ce, started on Wed Oct 28 23:44:44 IST 2020
